{"/Users/arron/Desktop/Crypto-Dashboard/src/stores/user.ts": {"path":"/Users/arron/Desktop/Crypto-Dashboard/src/stores/user.ts","all":false,"statementMap":{"0":{"start":{"line":1,"column":0},"end":{"line":1,"column":36}},"1":{"start":{"line":2,"column":0},"end":{"line":2,"column":53}},"2":{"start":{"line":3,"column":0},"end":{"line":3,"column":0}},"3":{"start":{"line":4,"column":0},"end":{"line":4,"column":38}},"4":{"start":{"line":5,"column":0},"end":{"line":5,"column":17}},"5":{"start":{"line":6,"column":0},"end":{"line":6,"column":27}},"6":{"start":{"line":7,"column":0},"end":{"line":7,"column":47}},"7":{"start":{"line":8,"column":0},"end":{"line":8,"column":12}},"8":{"start":{"line":9,"column":0},"end":{"line":9,"column":16}},"9":{"start":{"line":10,"column":0},"end":{"line":10,"column":9}},"10":{"start":{"line":11,"column":0},"end":{"line":11,"column":11}},"11":{"start":{"line":12,"column":0},"end":{"line":12,"column":11}},"12":{"start":{"line":13,"column":0},"end":{"line":13,"column":11}},"13":{"start":{"line":14,"column":0},"end":{"line":14,"column":11}},"14":{"start":{"line":15,"column":0},"end":{"line":15,"column":4}},"15":{"start":{"line":16,"column":0},"end":{"line":16,"column":4}},"16":{"start":{"line":17,"column":0},"end":{"line":17,"column":11}},"17":{"start":{"line":18,"column":0},"end":{"line":18,"column":8}},"18":{"start":{"line":19,"column":0},"end":{"line":19,"column":99}},"19":{"start":{"line":20,"column":0},"end":{"line":20,"column":3}},"20":{"start":{"line":21,"column":0},"end":{"line":21,"column":11}},"21":{"start":{"line":22,"column":0},"end":{"line":22,"column":36}},"22":{"start":{"line":23,"column":0},"end":{"line":23,"column":26}},"23":{"start":{"line":24,"column":0},"end":{"line":24,"column":84}},"24":{"start":{"line":25,"column":0},"end":{"line":25,"column":11}},"25":{"start":{"line":26,"column":0},"end":{"line":26,"column":59}},"26":{"start":{"line":27,"column":0},"end":{"line":27,"column":4}},"27":{"start":{"line":28,"column":0},"end":{"line":28,"column":4}},"28":{"start":{"line":29,"column":0},"end":{"line":29,"column":3}},"29":{"start":{"line":30,"column":0},"end":{"line":30,"column":11}},"30":{"start":{"line":31,"column":0},"end":{"line":31,"column":16}},"31":{"start":{"line":32,"column":0},"end":{"line":32,"column":15}},"32":{"start":{"line":33,"column":0},"end":{"line":33,"column":4}},"33":{"start":{"line":34,"column":0},"end":{"line":34,"column":26}},"34":{"start":{"line":35,"column":0},"end":{"line":35,"column":5}},"35":{"start":{"line":36,"column":0},"end":{"line":36,"column":4}},"36":{"start":{"line":37,"column":0},"end":{"line":37,"column":3}},"37":{"start":{"line":38,"column":0},"end":{"line":38,"column":3}}},"s":{"0":1,"1":1,"2":1,"3":1,"4":1,"5":1,"6":1,"7":1,"8":1,"9":1,"10":1,"11":1,"12":1,"13":1,"14":1,"15":1,"16":1,"17":1,"18":1,"19":1,"20":1,"21":1,"22":2,"23":1,"24":1,"25":1,"26":1,"27":2,"28":1,"29":1,"30":1,"31":1,"32":1,"33":1,"34":1,"35":1,"36":1,"37":1},"branchMap":{"0":{"type":"branch","line":6,"loc":{"start":{"line":6,"column":8},"end":{"line":16,"column":4}},"locations":[{"start":{"line":6,"column":8},"end":{"line":16,"column":4}}]},"1":{"type":"branch","line":19,"loc":{"start":{"line":19,"column":12},"end":{"line":19,"column":99}},"locations":[{"start":{"line":19,"column":12},"end":{"line":19,"column":99}}]},"2":{"type":"branch","line":19,"loc":{"start":{"line":19,"column":40},"end":{"line":19,"column":66}},"locations":[{"start":{"line":19,"column":40},"end":{"line":19,"column":66}}]},"3":{"type":"branch","line":19,"loc":{"start":{"line":19,"column":62},"end":{"line":19,"column":85}},"locations":[{"start":{"line":19,"column":62},"end":{"line":19,"column":85}}]},"4":{"type":"branch","line":19,"loc":{"start":{"line":19,"column":81},"end":{"line":19,"column":99}},"locations":[{"start":{"line":19,"column":81},"end":{"line":19,"column":99}}]},"5":{"type":"branch","line":22,"loc":{"start":{"line":22,"column":2},"end":{"line":28,"column":4}},"locations":[{"start":{"line":22,"column":2},"end":{"line":28,"column":4}}]},"6":{"type":"branch","line":23,"loc":{"start":{"line":23,"column":25},"end":{"line":27,"column":4}},"locations":[{"start":{"line":23,"column":25},"end":{"line":27,"column":4}}]},"7":{"type":"branch","line":24,"loc":{"start":{"line":24,"column":54},"end":{"line":24,"column":84}},"locations":[{"start":{"line":24,"column":54},"end":{"line":24,"column":84}}]},"8":{"type":"branch","line":26,"loc":{"start":{"line":26,"column":28},"end":{"line":26,"column":59}},"locations":[{"start":{"line":26,"column":28},"end":{"line":26,"column":59}}]},"9":{"type":"branch","line":38,"loc":{"start":{"line":38,"column":1},"end":{"line":38,"column":3}},"locations":[{"start":{"line":38,"column":1},"end":{"line":38,"column":3}}]}},"b":{"0":[1],"1":[2],"2":[1],"3":[1],"4":[1],"5":[2],"6":[1],"7":[3],"8":[3],"9":[1]},"fnMap":{"0":{"name":"state","decl":{"start":{"line":6,"column":8},"end":{"line":16,"column":4}},"loc":{"start":{"line":6,"column":8},"end":{"line":16,"column":4}},"line":6},"1":{"name":"windows","decl":{"start":{"line":19,"column":12},"end":{"line":19,"column":99}},"loc":{"start":{"line":19,"column":12},"end":{"line":19,"column":99}},"line":19},"2":{"name":"setApps","decl":{"start":{"line":22,"column":2},"end":{"line":28,"column":4}},"loc":{"start":{"line":22,"column":2},"end":{"line":28,"column":4}},"line":22},"3":{"name":"get","decl":{"start":{"line":38,"column":1},"end":{"line":38,"column":3}},"loc":{"start":{"line":38,"column":1},"end":{"line":38,"column":3}},"line":38}},"f":{"0":1,"1":2,"2":2,"3":1}}
}
